<?xml version="1.0" encoding="UTF-8"?>
<!-- Generated by org.testng.reporters.JUnitReportReporter -->
<testsuite hostname="DESKTOP-ABJFIHD" failures="0" tests="9" name="TestCases.CaseAssignment" time="55.133" errors="0" timestamp="2023-09-22T12:15:10 IST" skipped="0">
  <testcase classname="TestCases.CaseAssignment" name="LoginTest" time="24.822"/>
  <system-out/>
  <testcase classname="TestCases.CaseAssignment" name="CaseAssignment_OpenEditAssignmentPopup" time="7.803"/>
  <system-out/>
  <testcase classname="TestCases.CaseAssignment" name="CaseAssignment_EditFieldsOnEditAssignmentPopup" time="0.141"/>
  <system-out/>
  <testcase classname="TestCases.CaseAssignment" name="CaseAssignment_NotAbleToUpdateWithoutRule" time="0.170"/>
  <system-out/>
  <testcase classname="TestCases.CaseAssignment" name="CaseAssignment_OpenCreateRulepopup" time="1.831"/>
  <system-out/>
  <testcase classname="TestCases.CaseAssignment" name="CaseAssignment_CreateRuleWithMultipleCriterias" time="4.191"/>
  <system-out/>
  <testcase classname="TestCases.CaseAssignment" name="CaseAssignment_EditAddedRule" time="3.454"/>
  <system-out/>
  <testcase classname="TestCases.CaseAssignment" name="CaseAssignment_DeleteAddedRule" time="2.128"/>
  <system-out/>
  <testcase classname="TestCases.CaseAssignment" name="CaseAssignment_AssignmentRuleUnderInactiveSection" time="10.593"/>
  <system-out/>
</testsuite> <!-- TestCases.CaseAssignment -->
